hiisis
hiisis
hiisis
hiisis
hiisis
hiisis
hiisis
hiisis
hiisis
Error loading FBX file: Unable to open file "/home/jimmy/Documents/Java_projects/java_game_engine/engine-platform-desktop/src/main/resources/Defeated.fbx".
com.njst.gaming.Loaders.FBXBoneLoaderloadBones61
com.njst.gaming.DefaultLoaderload191
com.njst.gaming.RendereronSurfaceCreated102
com.njst.gaming.Engineinit66
com.njst.gaming.Enginerun28
com.njst.gaming.ri.battlearena.BattleArenaAppmain56
hiisis
hiisis
hiisis
hiisis
hiisis
hiisis
hiisis
hiisis
hiisis
hiisis
hiisis
hiisis
hiisis
Error loading FBX file: Unable to open file "/home/jimmy/Documents/Java_projects/java_game_engine/engine-platform-desktop/src/main/resources/Defeated.fbx".
com.njst.gaming.Loaders.FBXBoneLoaderloadBones61
com.njst.gaming.DefaultLoaderload191
com.njst.gaming.RendereronSurfaceCreated102
com.njst.gaming.Engineinit66
com.njst.gaming.Enginerun28
com.njst.gaming.ri.battlearena.BattleArenaAppmain56
hiisis
hiisis
Error loading FBX file: Unable to open file "/home/jimmy/Downloads/Taunting.fbx".
com.njst.gaming.Loaders.FBXBoneLoaderloadModel94
com.njst.gaming.DefaultLoaderload220
com.njst.gaming.RendereronSurfaceCreated102
com.njst.gaming.Engineinit66
com.njst.gaming.Enginerun28
com.njst.gaming.ri.battlearena.BattleArenaAppmain56
hiisis
Cannot invoke "org.lwjgl.assimp.AIVector3D$Buffer.remaining()" because "aiVertices" is null
com.njst.gaming.Loaders.FBXBoneLoaderproccessNormals426
com.njst.gaming.Loaders.FBXBoneLoaderloadModel108
com.njst.gaming.DefaultLoaderload220
com.njst.gaming.RendereronSurfaceCreated102
com.njst.gaming.Engineinit66
com.njst.gaming.Enginerun28
com.njst.gaming.ri.battlearena.BattleArenaAppmain56
hiisis
hiisis
hiisis
hiisis
hiisis
hiisis
hiisis
hiisis
hiisis
hiisis
hiisis
hiisis
hiisis
hiisis
hiisis
hiisis
hiisis
hiisis
hiisis
hiisis
hiisis
hiisis
hiisis
hiisis
hiisis
hiisis
hiisis
hiisis
hiisis
hiisis
hiisis
hiisis
hiisis
hiisis
hiisis
hiisis
hiisis
hiisis
hiisis
hiisis
hiisis
hiisis
hiisis
hiisis
hiisis
hiisis
hiisis
hiisis
hiisis
hiisis
hiisis
hiisis
hiisis
hiisis
hiisis
hiisis
hiisis
hiisis
hiisis
hiisis
hiisis
hiisis
hiisis
hiisis
Failed to load FBX or no animations present: /home/jimmy/Downloads/Walking(1).fbx
com.njst.gaming.Loaders.FBXAnimationLoaderextractAnimation45
com.njst.gaming.DefaultLoaderload187
com.njst.gaming.RendereronSurfaceCreated120
com.njst.gaming.Engineinit66
com.njst.gaming.Enginerun28
com.njst.gaming.ri.battlearena.BattleArenaAppmain56
hiisis
hiisis
hiisis
hiisis
hiisis
hiisis
hiisis
hiisis
hiisis
hiisis
hiisis
hiisis
hiisis
hiisis
hiisis
hiisis
hiisis
hiisis
hiisis
hiisis
hiisis
